0 info it worked if it ends with ok
1 verbose cli [ 'C:\\Program Files\\nodejs\\node.exe',
1 verbose cli   'C:\\Program Files\\nodejs\\node_modules\\npm\\bin\\npm-cli.js',
1 verbose cli   'run',
1 verbose cli   'style-test' ]
2 info using npm@3.10.10
3 info using node@v6.10.2
4 verbose run-script [ 'prestyle-test', 'style-test', 'poststyle-test' ]
5 info lifecycle react-dateme@1.0.0~prestyle-test: react-dateme@1.0.0
6 silly lifecycle react-dateme@1.0.0~prestyle-test: no script for prestyle-test, continuing
7 info lifecycle react-dateme@1.0.0~style-test: react-dateme@1.0.0
8 verbose lifecycle react-dateme@1.0.0~style-test: unsafe-perm in lifecycle true
9 verbose lifecycle react-dateme@1.0.0~style-test: PATH: C:\Program Files\nodejs\node_modules\npm\bin\node-gyp-bin;C:\Users\Cloud Strife\Desktop\react-dateme\node_modules\.bin;C:\ProgramData\Oracle\Java\javapath;C:\Windows\system32;C:\Windows;C:\Windows\System32\Wbem;C:\Windows\System32\WindowsPowerShell\v1.0\;C:\Program Files\nodejs\;C:\Program Files (x86)\NVIDIA Corporation\PhysX\Common;C:\Program Files\Git\cmd;C:\Program Files\Crucial\Crucial Storage Executive;C:\Program Files (x86)\Calibre2\;C:\Android\sdk\tools;C:\Android\sdk\platform-tools;C:\Android\sdk;C:\Program Files\MySQL\MySQL Utilities 1.6\;C:\Users\Cloud Strife\AppData\Local\Microsoft\WindowsApps;C:\Users\Cloud Strife\AppData\Roaming\npm;C:\Users\Cloud Strife\AppData\Local\atom\bin;C:\Program Files (x86)\Microsoft VS Code\bin
10 verbose lifecycle react-dateme@1.0.0~style-test: CWD: C:\Users\Cloud Strife\Desktop\react-dateme
11 silly lifecycle react-dateme@1.0.0~style-test: Args: [ '/d /s /c',
11 silly lifecycle   'node-sass --watch ./test/app/style/main.scss ./test/index.css' ]
12 silly lifecycle react-dateme@1.0.0~style-test: Returned: code: 1  signal: null
13 info lifecycle react-dateme@1.0.0~style-test: Failed to exec style-test script
14 verbose stack Error: react-dateme@1.0.0 style-test: `node-sass --watch ./test/app/style/main.scss ./test/index.css`
14 verbose stack Exit status 1
14 verbose stack     at EventEmitter.<anonymous> (C:\Program Files\nodejs\node_modules\npm\lib\utils\lifecycle.js:255:16)
14 verbose stack     at emitTwo (events.js:106:13)
14 verbose stack     at EventEmitter.emit (events.js:191:7)
14 verbose stack     at ChildProcess.<anonymous> (C:\Program Files\nodejs\node_modules\npm\lib\utils\spawn.js:40:14)
14 verbose stack     at emitTwo (events.js:106:13)
14 verbose stack     at ChildProcess.emit (events.js:191:7)
14 verbose stack     at maybeClose (internal/child_process.js:886:16)
14 verbose stack     at Process.ChildProcess._handle.onexit (internal/child_process.js:226:5)
15 verbose pkgid react-dateme@1.0.0
16 verbose cwd C:\Users\Cloud Strife\Desktop\react-dateme
17 error Windows_NT 10.0.14393
18 error argv "C:\\Program Files\\nodejs\\node.exe" "C:\\Program Files\\nodejs\\node_modules\\npm\\bin\\npm-cli.js" "run" "style-test"
19 error node v6.10.2
20 error npm  v3.10.10
21 error code ELIFECYCLE
22 error react-dateme@1.0.0 style-test: `node-sass --watch ./test/app/style/main.scss ./test/index.css`
22 error Exit status 1
23 error Failed at the react-dateme@1.0.0 style-test script 'node-sass --watch ./test/app/style/main.scss ./test/index.css'.
23 error Make sure you have the latest version of node.js and npm installed.
23 error If you do, this is most likely a problem with the react-dateme package,
23 error not with npm itself.
23 error Tell the author that this fails on your system:
23 error     node-sass --watch ./test/app/style/main.scss ./test/index.css
23 error You can get information on how to open an issue for this project with:
23 error     npm bugs react-dateme
23 error Or if that isn't available, you can get their info via:
23 error     npm owner ls react-dateme
23 error There is likely additional logging output above.
24 verbose exit [ 1, true ]
